<?xml version="1.0" encoding="UTF-8"?>
<testng-results skipped="0" failed="0" ignored="0" total="2" passed="2">
  <reporter-output>
  </reporter-output>
  <suite name="Default suite" duration-ms="8225" started-at="2020-09-26T09:00:32Z" finished-at="2020-09-26T09:00:40Z">
    <groups>
    </groups>
    <test name="Default test" duration-ms="8225" started-at="2020-09-26T09:00:32Z" finished-at="2020-09-26T09:00:40Z">
      <class name="TestCase.AmazonTest">
        <test-method status="PASS" signature="browser()[pri:0, instance:TestCase.AmazonTest@4520ebad]" name="browser" is-config="true" duration-ms="11699" started-at="2020-09-26T09:00:20Z" finished-at="2020-09-26T09:00:32Z">
          <reporter-output>
          </reporter-output>
        </test-method> <!-- browser -->
        <test-method status="PASS" signature="Loginfunction()[pri:0, instance:TestCase.AmazonTest@4520ebad]" name="Loginfunction" duration-ms="3526" started-at="2020-09-26T09:00:32Z" finished-at="2020-09-26T09:00:36Z">
          <reporter-output>
          </reporter-output>
        </test-method> <!-- Loginfunction -->
        <test-method status="PASS" signature="searchfunction()[pri:1, instance:TestCase.AmazonTest@4520ebad]" name="searchfunction" duration-ms="4643" started-at="2020-09-26T09:00:36Z" finished-at="2020-09-26T09:00:40Z">
          <reporter-output>
          </reporter-output>
        </test-method> <!-- searchfunction -->
      </class> <!-- TestCase.AmazonTest -->
    </test> <!-- Default test -->
  </suite> <!-- Default suite -->
</testng-results>
